[2016-10-28 03:05:06] local.ERROR: PDOException: SQLSTATE[42S22]: Column not found: 1054 Unknown column 'markins.id' in 'where clause' in /home/vagrant/firstphp/traveloo/vendor/laravel/framework/src/Illuminate/Database/Connection.php:319
Stack trace:
#0 /home/vagrant/firstphp/traveloo/vendor/laravel/framework/src/Illuminate/Database/Connection.php(319): PDO->prepare('select * from `...')
#1 /home/vagrant/firstphp/traveloo/vendor/laravel/framework/src/Illuminate/Database/Connection.php(644): Illuminate\Database\Connection->Illuminate\Database\{closure}(Object(Illuminate\Database\MySqlConnection), 'select * from `...', Array)
#2 /home/vagrant/firstphp/traveloo/vendor/laravel/framework/src/Illuminate/Database/Connection.php(611): Illuminate\Database\Connection->runQueryCallback('select * from `...', Array, Object(Closure))
#3 /home/vagrant/firstphp/traveloo/vendor/laravel/framework/src/Illuminate/Database/Connection.php(324): Illuminate\Database\Connection->run('select * from `...', Array, Object(Closure))
#4 /home/vagrant/firstphp/traveloo/vendor/laravel/framework/src/Illuminate/Database/Query/Builder.php(1416): Illuminate\Database\Connection->select('select * from `...', Array, true)
#5 /home/vagrant/firstphp/traveloo/vendor/laravel/framework/src/Illuminate/Database/Query/Builder.php(1402): Illuminate\Database\Query\Builder->runSelect()
#6 /home/vagrant/firstphp/traveloo/vendor/laravel/framework/src/Illuminate/Database/Eloquent/Builder.php(477): Illuminate\Database\Query\Builder->get(Array)
#7 /home/vagrant/firstphp/traveloo/vendor/laravel/framework/src/Illuminate/Database/Eloquent/Builder.php(235): Illuminate\Database\Eloquent\Builder->getModels(Array)
#8 /home/vagrant/firstphp/traveloo/vendor/laravel/framework/src/Illuminate/Database/Eloquent/Builder.php(207): Illuminate\Database\Eloquent\Builder->get(Array)
#9 /home/vagrant/firstphp/traveloo/vendor/laravel/framework/src/Illuminate/Database/Eloquent/Builder.php(154): Illuminate\Database\Eloquent\Builder->first(Array)
#10 [internal function]: Illuminate\Database\Eloquent\Builder->find(2)
#11 /home/vagrant/firstphp/traveloo/vendor/laravel/framework/src/Illuminate/Database/Eloquent/Model.php(3546): call_user_func_array(Array, Array)
#12 [internal function]: Illuminate\Database\Eloquent\Model->__call('find', Array)
#13 /home/vagrant/firstphp/traveloo/vendor/laravel/framework/src/Illuminate/Database/Eloquent/Model.php(3560): call_user_func_array(Array, Array)
#14 /home/vagrant/firstphp/traveloo/app/Http/Controllers/MarkinsController.php(37): Illuminate\Database\Eloquent\Model::__callStatic('find', Array)
#15 [internal function]: App\Http\Controllers\MarkinsController->getDashboard(Object(Illuminate\Http\Request))
#16 /home/vagrant/firstphp/traveloo/vendor/laravel/framework/src/Illuminate/Routing/Controller.php(76): call_user_func_array(Array, Array)
#17 /home/vagrant/firstphp/traveloo/vendor/laravel/framework/src/Illuminate/Routing/ControllerDispatcher.php(146): Illuminate\Routing\Controller->callAction('getDashboard', Array)
#18 /home/vagrant/firstphp/traveloo/vendor/laravel/framework/src/Illuminate/Routing/ControllerDispatcher.php(94): Illuminate\Routing\ControllerDispatcher->call(Object(App\Http\Controllers\MarkinsController), Object(Illuminate\Routing\Route), 'getDashboard')
#19 [internal function]: Illuminate\Routing\ControllerDispatcher->Illuminate\Routing\{closure}(Object(Illuminate\Http\Request))
#20 /home/vagrant/firstphp/traveloo/vendor/laravel/framework/src/Illuminate/Pipeline/Pipeline.php(139): call_user_func(Object(Closure), Object(Illuminate\Http\Request))
#21 [internal function]: Illuminate\Pipeline\Pipeline->Illuminate\Pipeline\{closure}(Object(Illuminate\Http\Request))
#22 /home/vagrant/firstphp/traveloo/vendor/laravel/framework/src/Illuminate/Pipeline/Pipeline.php(102): call_user_func(Object(Closure), Object(Illuminate\Http\Request))
#23 /home/vagrant/firstphp/traveloo/vendor/laravel/framework/src/Illuminate/Routing/ControllerDispatcher.php(96): Illuminate\Pipeline\Pipeline->then(Object(Closure))
#24 /home/vagrant/firstphp/traveloo/vendor/laravel/framework/src/Illuminate/Routing/ControllerDispatcher.php(54): Illuminate\Routing\ControllerDispatcher->callWithinStack(Object(App\Http\Controllers\MarkinsController), Object(Illuminate\Routing\Route), Object(Illuminate\Http\Request), 'getDashboard')
#25 /home/vagrant/firstphp/traveloo/vendor/laravel/framework/src/Illuminate/Routing/Route.php(174): Illuminate\Routing\ControllerDispatcher->dispatch(Object(Illuminate\Routing\Route), Object(Illuminate\Http\Request), 'App\\Http\\Contro...', 'getDashboard')
#26 /home/vagrant/firstphp/traveloo/vendor/laravel/framework/src/Illuminate/Routing/Route.php(140): Illuminate\Routing\Route->runController(Object(Illuminate\Http\Request))
#27 /home/vagrant/firstphp/traveloo/vendor/laravel/framework/src/Illuminate/Routing/Router.php(703): Illuminate\Routing\Route->run(Object(Illuminate\Http\Request))
#28 [internal function]: Illuminate\Routing\Router->Illuminate\Routing\{closure}(Object(Illuminate\Http\Request))
#29 /home/vagrant/firstphp/traveloo/vendor/laravel/framework/src/Illuminate/Pipeline/Pipeline.php(139): call_user_func(Object(Closure), Object(Illuminate\Http\Request))
#30 /home/vagrant/firstphp/traveloo/app/Http/Middleware/Authenticate.php(49): Illuminate\Pipeline\Pipeline->Illuminate\Pipeline\{closure}(Object(Illuminate\Http\Request))
#31 [internal function]: App\Http\Middleware\Authenticate->handle(Object(Illuminate\Http\Request), Object(Closure))
#32 /home/vagrant/firstphp/traveloo/vendor/laravel/framework/src/Illuminate/Pipeline/Pipeline.php(124): call_user_func_array(Array, Array)
#33 [internal function]: Illuminate\Pipeline\Pipeline->Illuminate\Pipeline\{closure}(Object(Illuminate\Http\Request))
#34 /home/vagrant/firstphp/traveloo/vendor/laravel/framework/src/Illuminate/Routing/Pipeline.php(30): call_user_func(Object(Closure), Object(Illuminate\Http\Request))
#35 [internal function]: Illuminate\Routing\Pipeline->Illuminate\Routing\{closure}(Object(Illuminate\Http\Request))
#36 /home/vagrant/firstphp/traveloo/vendor/laravel/framework/src/Illuminate/Pipeline/Pipeline.php(102): call_user_func(Object(Closure), Object(Illuminate\Http\Request))
#37 /home/vagrant/firstphp/traveloo/vendor/laravel/framework/src/Illuminate/Routing/Router.php(705): Illuminate\Pipeline\Pipeline->then(Object(Closure))
#38 /home/vagrant/firstphp/traveloo/vendor/laravel/framework/src/Illuminate/Routing/Router.php(678): Illuminate\Routing\Router->runRouteWithinStack(Object(Illuminate\Routing\Route), Object(Illuminate\Http\Request))
#39 /home/vagrant/firstphp/traveloo/vendor/laravel/framework/src/Illuminate/Routing/Router.php(654): Illuminate\Routing\Router->dispatchToRoute(Object(Illuminate\Http\Request))
#40 /home/vagrant/firstphp/traveloo/vendor/laravel/framework/src/Illuminate/Foundation/Http/Kernel.php(246): Illuminate\Routing\Router->dispatch(Object(Illuminate\Http\Request))
#41 [internal function]: Illuminate\Foundation\Http\Kernel->Illuminate\Foundation\Http\{closure}(Object(Illuminate\Http\Request))
#42 /home/vagrant/firstphp/traveloo/vendor/laravel/framework/src/Illuminate/Pipeline/Pipeline.php(139): call_user_func(Object(Closure), Object(Illuminate\Http\Request))
#43 /home/vagrant/firstphp/traveloo/vendor/laravel/framework/src/Illuminate/View/Middleware/ShareErrorsFromSession.php(49): Illuminate\Pipeline\Pipeline->Illuminate\Pipeline\{closure}(Object(Illuminate\Http\Request))
#44 [internal function]: Illuminate\View\Middleware\ShareErrorsFromSession->handle(Object(Illuminate\Http\Request), Object(Closure))
#45 /home/vagrant/firstphp/traveloo/vendor/laravel/framework/src/Illuminate/Pipeline/Pipeline.php(124): call_user_func_array(Array, Array)
#46 /home/vagrant/firstphp/traveloo/vendor/laravel/framework/src/Illuminate/Session/Middleware/StartSession.php(62): Illuminate\Pipeline\Pipeline->Illuminate\Pipeline\{closure}(Object(Illuminate\Http\Request))
#47 [internal function]: Illuminate\Session\Middleware\StartSession->handle(Object(Illuminate\Http\Request), Object(Closure))
#48 /home/vagrant/firstphp/traveloo/vendor/laravel/framework/src/Illuminate/Pipeline/Pipeline.php(124): call_user_func_array(Array, Array)
#49 /home/vagrant/firstphp/traveloo/vendor/laravel/framework/src/Illuminate/Cookie/Middleware/AddQueuedCookiesToResponse.php(37): Illuminate\Pipeline\Pipeline->Illuminate\Pipeline\{closure}(Object(Illuminate\Http\Request))
#50 [internal function]: Illuminate\Cookie\Middleware\AddQueuedCookiesToResponse->handle(Object(Illuminate\Http\Request), Object(Closure))
#51 /home/vagrant/firstphp/traveloo/vendor/laravel/framework/src/Illuminate/Pipeline/Pipeline.php(124): call_user_func_array(Array, Array)
#52 /home/vagrant/firstphp/traveloo/vendor/laravel/framework/src/Illuminate/Cookie/Middleware/EncryptCookies.php(59): Illuminate\Pipeline\Pipeline->Illuminate\Pipeline\{closure}(Object(Illuminate\Http\Request))
#53 [internal function]: Illuminate\Cookie\Middleware\EncryptCookies->handle(Object(Illuminate\Http\Request), Object(Closure))
#54 /home/vagrant/firstphp/traveloo/vendor/laravel/framework/src/Illuminate/Pipeline/Pipeline.php(124): call_user_func_array(Array, Array)
#55 /home/vagrant/firstphp/traveloo/vendor/laravel/framework/src/Illuminate/Foundation/Http/Middleware/CheckForMaintenanceMode.php(44): Illuminate\Pipeline\Pipeline->Illuminate\Pipeline\{closure}(Object(Illuminate\Http\Request))
#56 [internal function]: Illuminate\Foundation\Http\Middleware\CheckForMaintenanceMode->handle(Object(Illuminate\Http\Request), Object(Closure))
#57 /home/vagrant/firstphp/traveloo/vendor/laravel/framework/src/Illuminate/Pipeline/Pipeline.php(124): call_user_func_array(Array, Array)
#58 [internal function]: Illuminate\Pipeline\Pipeline->Illuminate\Pipeline\{closure}(Object(Illuminate\Http\Request))
#59 /home/vagrant/firstphp/traveloo/vendor/laravel/framework/src/Illuminate/Pipeline/Pipeline.php(102): call_user_func(Object(Closure), Object(Illuminate\Http\Request))
#60 /home/vagrant/firstphp/traveloo/vendor/laravel/framework/src/Illuminate/Foundation/Http/Kernel.php(132): Illuminate\Pipeline\Pipeline->then(Object(Closure))
#61 /home/vagrant/firstphp/traveloo/vendor/laravel/framework/src/Illuminate/Foundation/Http/Kernel.php(99): Illuminate\Foundation\Http\Kernel->sendRequestThroughRouter(Object(Illuminate\Http\Request))
#62 /home/vagrant/firstphp/traveloo/public/index.php(52): Illuminate\Foundation\Http\Kernel->handle(Object(Illuminate\Http\Request))
#63 {main}

Next Illuminate\Database\QueryException: SQLSTATE[42S22]: Column not found: 1054 Unknown column 'markins.id' in 'where clause' (SQL: select * from `markins` where `markins`.`id` = 2 limit 1) in /home/vagrant/firstphp/traveloo/vendor/laravel/framework/src/Illuminate/Database/Connection.php:651
Stack trace:
#0 /home/vagrant/firstphp/traveloo/vendor/laravel/framework/src/Illuminate/Database/Connection.php(611): Illuminate\Database\Connection->runQueryCallback('select * from `...', Array, Object(Closure))
#1 /home/vagrant/firstphp/traveloo/vendor/laravel/framework/src/Illuminate/Database/Connection.php(324): Illuminate\Database\Connection->run('select * from `...', Array, Object(Closure))
#2 /home/vagrant/firstphp/traveloo/vendor/laravel/framework/src/Illuminate/Database/Query/Builder.php(1416): Illuminate\Database\Connection->select('select * from `...', Array, true)
#3 /home/vagrant/firstphp/traveloo/vendor/laravel/framework/src/Illuminate/Database/Query/Builder.php(1402): Illuminate\Database\Query\Builder->runSelect()
#4 /home/vagrant/firstphp/traveloo/vendor/laravel/framework/src/Illuminate/Database/Eloquent/Builder.php(477): Illuminate\Database\Query\Builder->get(Array)
#5 /home/vagrant/firstphp/traveloo/vendor/laravel/framework/src/Illuminate/Database/Eloquent/Builder.php(235): Illuminate\Database\Eloquent\Builder->getModels(Array)
#6 /home/vagrant/firstphp/traveloo/vendor/laravel/framework/src/Illuminate/Database/Eloquent/Builder.php(207): Illuminate\Database\Eloquent\Builder->get(Array)
#7 /home/vagrant/firstphp/traveloo/vendor/laravel/framework/src/Illuminate/Database/Eloquent/Builder.php(154): Illuminate\Database\Eloquent\Builder->first(Array)
#8 [internal function]: Illuminate\Database\Eloquent\Builder->find(2)
#9 /home/vagrant/firstphp/traveloo/vendor/laravel/framework/src/Illuminate/Database/Eloquent/Model.php(3546): call_user_func_array(Array, Array)
#10 [internal function]: Illuminate\Database\Eloquent\Model->__call('find', Array)
#11 /home/vagrant/firstphp/traveloo/vendor/laravel/framework/src/Illuminate/Database/Eloquent/Model.php(3560): call_user_func_array(Array, Array)
#12 /home/vagrant/firstphp/traveloo/app/Http/Controllers/MarkinsController.php(37): Illuminate\Database\Eloquent\Model::__callStatic('find', Array)
#13 [internal function]: App\Http\Controllers\MarkinsController->getDashboard(Object(Illuminate\Http\Request))
#14 /home/vagrant/firstphp/traveloo/vendor/laravel/framework/src/Illuminate/Routing/Controller.php(76): call_user_func_array(Array, Array)
#15 /home/vagrant/firstphp/traveloo/vendor/laravel/framework/src/Illuminate/Routing/ControllerDispatcher.php(146): Illuminate\Routing\Controller->callAction('getDashboard', Array)
#16 /home/vagrant/firstphp/traveloo/vendor/laravel/framework/src/Illuminate/Routing/ControllerDispatcher.php(94): Illuminate\Routing\ControllerDispatcher->call(Object(App\Http\Controllers\MarkinsController), Object(Illuminate\Routing\Route), 'getDashboard')
#17 [internal function]: Illuminate\Routing\ControllerDispatcher->Illuminate\Routing\{closure}(Object(Illuminate\Http\Request))
#18 /home/vagrant/firstphp/traveloo/vendor/laravel/framework/src/Illuminate/Pipeline/Pipeline.php(139): call_user_func(Object(Closure), Object(Illuminate\Http\Request))
#19 [internal function]: Illuminate\Pipeline\Pipeline->Illuminate\Pipeline\{closure}(Object(Illuminate\Http\Request))
#20 /home/vagrant/firstphp/traveloo/vendor/laravel/framework/src/Illuminate/Pipeline/Pipeline.php(102): call_user_func(Object(Closure), Object(Illuminate\Http\Request))
#21 /home/vagrant/firstphp/traveloo/vendor/laravel/framework/src/Illuminate/Routing/ControllerDispatcher.php(96): Illuminate\Pipeline\Pipeline->then(Object(Closure))
#22 /home/vagrant/firstphp/traveloo/vendor/laravel/framework/src/Illuminate/Routing/ControllerDispatcher.php(54): Illuminate\Routing\ControllerDispatcher->callWithinStack(Object(App\Http\Controllers\MarkinsController), Object(Illuminate\Routing\Route), Object(Illuminate\Http\Request), 'getDashboard')
#23 /home/vagrant/firstphp/traveloo/vendor/laravel/framework/src/Illuminate/Routing/Route.php(174): Illuminate\Routing\ControllerDispatcher->dispatch(Object(Illuminate\Routing\Route), Object(Illuminate\Http\Request), 'App\\Http\\Contro...', 'getDashboard')
#24 /home/vagrant/firstphp/traveloo/vendor/laravel/framework/src/Illuminate/Routing/Route.php(140): Illuminate\Routing\Route->runController(Object(Illuminate\Http\Request))
#25 /home/vagrant/firstphp/traveloo/vendor/laravel/framework/src/Illuminate/Routing/Router.php(703): Illuminate\Routing\Route->run(Object(Illuminate\Http\Request))
#26 [internal function]: Illuminate\Routing\Router->Illuminate\Routing\{closure}(Object(Illuminate\Http\Request))
#27 /home/vagrant/firstphp/traveloo/vendor/laravel/framework/src/Illuminate/Pipeline/Pipeline.php(139): call_user_func(Object(Closure), Object(Illuminate\Http\Request))
#28 /home/vagrant/firstphp/traveloo/app/Http/Middleware/Authenticate.php(49): Illuminate\Pipeline\Pipeline->Illuminate\Pipeline\{closure}(Object(Illuminate\Http\Request))
#29 [internal function]: App\Http\Middleware\Authenticate->handle(Object(Illuminate\Http\Request), Object(Closure))
#30 /home/vagrant/firstphp/traveloo/vendor/laravel/framework/src/Illuminate/Pipeline/Pipeline.php(124): call_user_func_array(Array, Array)
#31 [internal function]: Illuminate\Pipeline\Pipeline->Illuminate\Pipeline\{closure}(Object(Illuminate\Http\Request))
#32 /home/vagrant/firstphp/traveloo/vendor/laravel/framework/src/Illuminate/Routing/Pipeline.php(30): call_user_func(Object(Closure), Object(Illuminate\Http\Request))
#33 [internal function]: Illuminate\Routing\Pipeline->Illuminate\Routing\{closure}(Object(Illuminate\Http\Request))
#34 /home/vagrant/firstphp/traveloo/vendor/laravel/framework/src/Illuminate/Pipeline/Pipeline.php(102): call_user_func(Object(Closure), Object(Illuminate\Http\Request))
#35 /home/vagrant/firstphp/traveloo/vendor/laravel/framework/src/Illuminate/Routing/Router.php(705): Illuminate\Pipeline\Pipeline->then(Object(Closure))
#36 /home/vagrant/firstphp/traveloo/vendor/laravel/framework/src/Illuminate/Routing/Router.php(678): Illuminate\Routing\Router->runRouteWithinStack(Object(Illuminate\Routing\Route), Object(Illuminate\Http\Request))
#37 /home/vagrant/firstphp/traveloo/vendor/laravel/framework/src/Illuminate/Routing/Router.php(654): Illuminate\Routing\Router->dispatchToRoute(Object(Illuminate\Http\Request))
#38 /home/vagrant/firstphp/traveloo/vendor/laravel/framework/src/Illuminate/Foundation/Http/Kernel.php(246): Illuminate\Routing\Router->dispatch(Object(Illuminate\Http\Request))
#39 [internal function]: Illuminate\Foundation\Http\Kernel->Illuminate\Foundation\Http\{closure}(Object(Illuminate\Http\Request))
#40 /home/vagrant/firstphp/traveloo/vendor/laravel/framework/src/Illuminate/Pipeline/Pipeline.php(139): call_user_func(Object(Closure), Object(Illuminate\Http\Request))
#41 /home/vagrant/firstphp/traveloo/vendor/laravel/framework/src/Illuminate/View/Middleware/ShareErrorsFromSession.php(49): Illuminate\Pipeline\Pipeline->Illuminate\Pipeline\{closure}(Object(Illuminate\Http\Request))
#42 [internal function]: Illuminate\View\Middleware\ShareErrorsFromSession->handle(Object(Illuminate\Http\Request), Object(Closure))
#43 /home/vagrant/firstphp/traveloo/vendor/laravel/framework/src/Illuminate/Pipeline/Pipeline.php(124): call_user_func_array(Array, Array)
#44 /home/vagrant/firstphp/traveloo/vendor/laravel/framework/src/Illuminate/Session/Middleware/StartSession.php(62): Illuminate\Pipeline\Pipeline->Illuminate\Pipeline\{closure}(Object(Illuminate\Http\Request))
#45 [internal function]: Illuminate\Session\Middleware\StartSession->handle(Object(Illuminate\Http\Request), Object(Closure))
#46 /home/vagrant/firstphp/traveloo/vendor/laravel/framework/src/Illuminate/Pipeline/Pipeline.php(124): call_user_func_array(Array, Array)
#47 /home/vagrant/firstphp/traveloo/vendor/laravel/framework/src/Illuminate/Cookie/Middleware/AddQueuedCookiesToResponse.php(37): Illuminate\Pipeline\Pipeline->Illuminate\Pipeline\{closure}(Object(Illuminate\Http\Request))
#48 [internal function]: Illuminate\Cookie\Middleware\AddQueuedCookiesToResponse->handle(Object(Illuminate\Http\Request), Object(Closure))
#49 /home/vagrant/firstphp/traveloo/vendor/laravel/framework/src/Illuminate/Pipeline/Pipeline.php(124): call_user_func_array(Array, Array)
#50 /home/vagrant/firstphp/traveloo/vendor/laravel/framework/src/Illuminate/Cookie/Middleware/EncryptCookies.php(59): Illuminate\Pipeline\Pipeline->Illuminate\Pipeline\{closure}(Object(Illuminate\Http\Request))
#51 [internal function]: Illuminate\Cookie\Middleware\EncryptCookies->handle(Object(Illuminate\Http\Request), Object(Closure))
#52 /home/vagrant/firstphp/traveloo/vendor/laravel/framework/src/Illuminate/Pipeline/Pipeline.php(124): call_user_func_array(Array, Array)
#53 /home/vagrant/firstphp/traveloo/vendor/laravel/framework/src/Illuminate/Foundation/Http/Middleware/CheckForMaintenanceMode.php(44): Illuminate\Pipeline\Pipeline->Illuminate\Pipeline\{closure}(Object(Illuminate\Http\Request))
#54 [internal function]: Illuminate\Foundation\Http\Middleware\CheckForMaintenanceMode->handle(Object(Illuminate\Http\Request), Object(Closure))
#55 /home/vagrant/firstphp/traveloo/vendor/laravel/framework/src/Illuminate/Pipeline/Pipeline.php(124): call_user_func_array(Array, Array)
#56 [internal function]: Illuminate\Pipeline\Pipeline->Illuminate\Pipeline\{closure}(Object(Illuminate\Http\Request))
#57 /home/vagrant/firstphp/traveloo/vendor/laravel/framework/src/Illuminate/Pipeline/Pipeline.php(102): call_user_func(Object(Closure), Object(Illuminate\Http\Request))
#58 /home/vagrant/firstphp/traveloo/vendor/laravel/framework/src/Illuminate/Foundation/Http/Kernel.php(132): Illuminate\Pipeline\Pipeline->then(Object(Closure))
#59 /home/vagrant/firstphp/traveloo/vendor/laravel/framework/src/Illuminate/Foundation/Http/Kernel.php(99): Illuminate\Foundation\Http\Kernel->sendRequestThroughRouter(Object(Illuminate\Http\Request))
#60 /home/vagrant/firstphp/traveloo/public/index.php(52): Illuminate\Foundation\Http\Kernel->handle(Object(Illuminate\Http\Request))
#61 {main}  
